c:\users\aula 1\desktop\2024_desarrollo_1_pong\pong\game\debug\vc143.pdb
c:\users\aula 1\desktop\2024_desarrollo_1_pong\pong\game\debug\vc143.idb
c:\users\aula 1\desktop\2024_desarrollo_1_pong\pong\game\debug\screen.obj
c:\users\aula 1\desktop\2024_desarrollo_1_pong\pong\game\debug\player.obj
c:\users\aula 1\desktop\2024_desarrollo_1_pong\pong\game\debug\basegame.obj
c:\users\aula 1\desktop\2024_desarrollo_1_pong\pong\game\debug\init.obj
c:\users\aula 1\desktop\2024_desarrollo_1_pong\pong\game\debug\ball.obj
c:\users\aula 1\desktop\2024_desarrollo_1_pong\pong\game\debug\scenemanager.obj
c:\users\aula 1\desktop\2024_desarrollo_1_pong\pong\game\debug\close.obj
c:\users\aula 1\desktop\2024_desarrollo_1_pong\pong\game\debug\menu.obj
c:\users\aula 1\desktop\2024_desarrollo_1_pong\pong\game\debug\main.obj
c:\users\aula 1\desktop\2024_desarrollo_1_pong\pong\debug\game.exe
c:\users\aula 1\desktop\2024_desarrollo_1_pong\pong\debug\game.pdb
c:\users\aula 1\desktop\2024_desarrollo_1_pong\pong\game\debug\game.ilk
c:\users\aula 1\desktop\2024_desarrollo_1_pong\pong\game\debug\game.tlog\cl.command.1.tlog
c:\users\aula 1\desktop\2024_desarrollo_1_pong\pong\game\debug\game.tlog\cl.items.tlog
c:\users\aula 1\desktop\2024_desarrollo_1_pong\pong\game\debug\game.tlog\cl.read.1.tlog
c:\users\aula 1\desktop\2024_desarrollo_1_pong\pong\game\debug\game.tlog\cl.write.1.tlog
c:\users\aula 1\desktop\2024_desarrollo_1_pong\pong\game\debug\game.tlog\link.command.1.tlog
c:\users\aula 1\desktop\2024_desarrollo_1_pong\pong\game\debug\game.tlog\link.read.1.tlog
c:\users\aula 1\desktop\2024_desarrollo_1_pong\pong\game\debug\game.tlog\link.secondary.1.tlog
c:\users\aula 1\desktop\2024_desarrollo_1_pong\pong\game\debug\game.tlog\link.write.1.tlog
